<?xml version="1.0" encoding="UTF-8"?>
<testsuite xmlns:xsi="http://www.w3.org/2001/XMLSchema-instance" xsi:noNamespaceSchemaLocation="https://maven.apache.org/surefire/maven-surefire-plugin/xsd/surefire-test-report.xsd" name="com.zerobank.runners.CukesRunner" time="34.053" tests="9" errors="1" skipped="3" failures="0">
  <properties>
[...]
</properties>
  <testcase name="Savings account redirect" classname="Navigating to specific accounts in Accounts Activity" time="6.387"/>
  <testcase name="Brokerage account redirect" classname="Navigating to specific accounts in Accounts Activity" time="3.129"/>
  <testcase name="Checking account redirect" classname="Navigating to specific accounts in Accounts Activity" time="3.087"/>
  <testcase name="Credit Card account redirect" classname="Navigating to specific accounts in Accounts Activity" time="3.189"/>
  <testcase name="Loan account redirect" classname="Navigating to specific accounts in Accounts Activity" time="3.034"/>
  <testcase name="Search date range" classname="Find Transactions in Account Activity" time="3.77">
    <error message="Could not convert arguments for step [the user enters date range from “{int}{int}{int}” to “{int}{int}{int}”] defined at &apos;com.zerobank.stepdefinitions.FindTransactionsStepDefs.the_user_enters_date_range_from_to(Integer,Integer,Integer,Integer,Integer,Integer) in file:/Users/sehribanbanu/Dropbox/zerobank-automation/target/test-classes/&apos;.&#10;The details are in the stacktrace below." type="cucumber.runtime.CucumberException">cucumber.runtime.CucumberException: 
Could not convert arguments for step [the user enters date range from “{int}{int}{int}” to “{int}{int}{int}”] defined at 'com.zerobank.stepdefinitions.FindTransactionsStepDefs.the_user_enters_date_range_from_to(Integer,Integer,Integer,Integer,Integer,Integer) in file:/Users/sehribanbanu/Dropbox/zerobank-automation/target/test-classes/'.
The details are in the stacktrace below.
Caused by: io.cucumber.cucumberexpressions.CucumberExpressionException: ParameterType {int} failed to transform [-09] to class java.lang.Integer
Caused by: java.lang.NumberFormatException: For input string: "-9" under radix 8
</error>
    <system-err><![CDATA[Starting ChromeDriver 79.0.3945.36 (3582db32b33893869b8c1339e8f4d9ed1816f143-refs/branch-heads/3945@{#614}) on port 15658
Only local connections are allowed.
Please protect ports used by ChromeDriver and related test frameworks to prevent access by malicious code.
Jan 26, 2020 4:34:06 PM org.openqa.selenium.remote.ProtocolHandshake createSession
INFO: Detected dialect: W3C
]]></system-err>
  </testcase>
  <testcase name="Search description" classname="Find Transactions in Account Activity" time="0">
    <skipped message="TODO: implement me"/>
    <system-err><![CDATA[Starting ChromeDriver 79.0.3945.36 (3582db32b33893869b8c1339e8f4d9ed1816f143-refs/branch-heads/3945@{#614}) on port 8679
Only local connections are allowed.
Please protect ports used by ChromeDriver and related test frameworks to prevent access by malicious code.
Jan 26, 2020 4:34:10 PM org.openqa.selenium.remote.ProtocolHandshake createSession
INFO: Detected dialect: W3C
]]></system-err>
  </testcase>
  <testcase name="Search description case insensitive" classname="Find Transactions in Account Activity" time="0">
    <skipped message="TODO: implement me"/>
    <system-err><![CDATA[Starting ChromeDriver 79.0.3945.36 (3582db32b33893869b8c1339e8f4d9ed1816f143-refs/branch-heads/3945@{#614}) on port 18852
Only local connections are allowed.
Please protect ports used by ChromeDriver and related test frameworks to prevent access by malicious code.
Jan 26, 2020 4:34:14 PM org.openqa.selenium.remote.ProtocolHandshake createSession
INFO: Detected dialect: W3C
]]></system-err>
  </testcase>
  <testcase name="Type" classname="Find Transactions in Account Activity" time="0">
    <skipped message="TODO: implement me"/>
    <system-err><![CDATA[Starting ChromeDriver 79.0.3945.36 (3582db32b33893869b8c1339e8f4d9ed1816f143-refs/branch-heads/3945@{#614}) on port 4716
Only local connections are allowed.
Please protect ports used by ChromeDriver and related test frameworks to prevent access by malicious code.
Jan 26, 2020 4:34:18 PM org.openqa.selenium.remote.ProtocolHandshake createSession
INFO: Detected dialect: W3C
]]></system-err>
  </testcase>
</testsuite>